<?xml version="1.0" encoding="UTF-8"?>
<!-- Generated by org.testng.reporters.JUnitReportReporter -->
<testsuite hostname="LTIN230084" failures="0" tests="5" name="testng.Car_Loan_Test" time="35.795" errors="0" timestamp="2024-02-27T10:40:25 IST" skipped="0">
  <testcase classname="testng.Car_Loan_Test" name="openApp" time="4.284"/>
  <system-out/>
  <testcase classname="testng.Car_Loan_Test" name="carLoan" time="8.162"/>
  <system-out/>
  <testcase classname="testng.Car_Loan_Test" name="carInterestRate" time="5.020"/>
  <system-out/>
  <testcase classname="testng.Car_Loan_Test" name="carLoanTenure" time="3.651"/>
  <system-out/>
  <testcase classname="testng.Car_Loan_Test" name="carIAPA" time="14.678"/>
  <system-out/>
</testsuite> <!-- testng.Car_Loan_Test -->
