<?xml version="1.0" encoding="UTF-8"?>
<!-- Generated by org.testng.reporters.JUnitReportReporter -->
<testsuite hostname="LTIN230084" failures="0" tests="3" name="Tests.MonthandYear_Test" time="13.393" errors="0" timestamp="2024-03-01T21:38:56 IST" skipped="0">
  <testcase classname="Tests.MonthandYear_Test" name="openApp" time="0.921"/>
  <system-out/>
  <testcase classname="Tests.MonthandYear_Test" name="button" time="6.208"/>
  <system-out/>
  <testcase classname="Tests.MonthandYear_Test" name="yearAndMonth_Emi" time="6.264"/>
  <system-out/>
</testsuite> <!-- Tests.MonthandYear_Test -->
