<?xml version="1.0" encoding="UTF-8"?>
<!-- Generated by org.testng.reporters.JUnitReportReporter -->
<testsuite hostname="LTIN266331" failures="0" tests="7" name="testng.HomeLoan_Test" time="38.748" errors="0" timestamp="2024-02-26T22:11:46 IST" skipped="0">
  <testcase classname="testng.HomeLoan_Test" name="openApp" time="3.517"/>
  <testcase classname="testng.HomeLoan_Test" name="homeLoan" time="2.203"/>
  <testcase classname="testng.HomeLoan_Test" name="loan_amount" time="0.833"/>
  <testcase classname="testng.HomeLoan_Test" name="interest_rate" time="2.501"/>
  <testcase classname="testng.HomeLoan_Test" name="Loan_tenure" time="2.427"/>
  <testcase classname="testng.HomeLoan_Test" name="printHL" time="3.248"/>
  <testcase classname="testng.HomeLoan_Test" name="storeDataInexcel" time="24.019"/>
</testsuite> <!-- testng.HomeLoan_Test -->
