<?xml version="1.0" encoding="UTF-8"?>
<!-- Generated by org.testng.reporters.JUnitReportReporter -->
<testsuite hostname="LTIN230084" failures="0" tests="5" name="TestCases.Car_Loan_Test" time="38.465" errors="0" timestamp="2024-03-08T16:25:22 IST" skipped="0">
  <testcase classname="TestCases.Car_Loan_Test" name="openApp" time="5.880"/>
  <system-out/>
  <testcase classname="TestCases.Car_Loan_Test" name="carLoan" time="9.478"/>
  <system-out/>
  <testcase classname="TestCases.Car_Loan_Test" name="carInterestRate" time="4.970"/>
  <system-out/>
  <testcase classname="TestCases.Car_Loan_Test" name="carLoanTenure" time="3.781"/>
  <system-out/>
  <testcase classname="TestCases.Car_Loan_Test" name="carIAPA" time="14.356"/>
  <system-out/>
</testsuite> <!-- TestCases.Car_Loan_Test -->
