<?xml version="1.0" encoding="UTF-8"?>
<!-- Generated by org.testng.reporters.JUnitReportReporter -->
<testsuite hostname="LTIN230084" failures="0" tests="7" name="testng.Home_Loan_Test" time="58.004" errors="0" timestamp="2024-02-27T10:48:33 IST" skipped="0">
  <testcase classname="testng.Home_Loan_Test" name="openApp" time="4.801"/>
  <system-out/>
  <testcase classname="testng.Home_Loan_Test" name="homeLoan" time="2.241"/>
  <system-out/>
  <testcase classname="testng.Home_Loan_Test" name="loan_amount" time="5.604"/>
  <system-out/>
  <testcase classname="testng.Home_Loan_Test" name="interest_rate" time="2.612"/>
  <system-out/>
  <testcase classname="testng.Home_Loan_Test" name="Loan_tenure" time="2.856"/>
  <system-out/>
  <testcase classname="testng.Home_Loan_Test" name="printHL" time="3.487"/>
  <system-out/>
  <testcase classname="testng.Home_Loan_Test" name="storeDataInexcel" time="36.403"/>
  <system-out/>
</testsuite> <!-- testng.Home_Loan_Test -->
