<?xml version="1.0" encoding="UTF-8"?>
<!-- Generated by org.testng.reporters.JUnitReportReporter -->
<testsuite hostname="LTIN230084" failures="0" tests="6" name="TestCases.UICheck_LoanAmountCal" time="35.482" errors="0" timestamp="2024-03-08T16:25:22 IST" skipped="0">
  <testcase classname="TestCases.UICheck_LoanAmountCal" name="setupApp" time="1.136"/>
  <system-out/>
  <testcase classname="TestCases.UICheck_LoanAmountCal" name="Menubutton" time="7.668"/>
  <system-out/>
  <testcase classname="TestCases.UICheck_LoanAmountCal" name="Loanamount" time="6.608"/>
  <system-out/>
  <testcase classname="TestCases.UICheck_LoanAmountCal" name="interestRate" time="6.682"/>
  <system-out/>
  <testcase classname="TestCases.UICheck_LoanAmountCal" name="LoanTenure" time="6.584"/>
  <system-out/>
  <testcase classname="TestCases.UICheck_LoanAmountCal" name="feesCharges" time="6.804"/>
  <system-out/>
</testsuite> <!-- TestCases.UICheck_LoanAmountCal -->
