<?xml version="1.0" encoding="UTF-8"?>
<!-- Generated by org.testng.reporters.JUnitReportReporter -->
<testsuite hostname="LTIN230084" failures="0" tests="6" name="Tests.UICheck_LoanAmountCal" time="34.178" errors="0" timestamp="2024-02-29T10:39:09 IST" skipped="0">
  <testcase classname="Tests.UICheck_LoanAmountCal" name="setupApp" time="1.013"/>
  <system-out/>
  <testcase classname="Tests.UICheck_LoanAmountCal" name="Menubutton" time="6.761"/>
  <system-out/>
  <testcase classname="Tests.UICheck_LoanAmountCal" name="Loanamount" time="6.539"/>
  <system-out/>
  <testcase classname="Tests.UICheck_LoanAmountCal" name="interestRate" time="6.591"/>
  <system-out/>
  <testcase classname="Tests.UICheck_LoanAmountCal" name="LoanTenure" time="6.651"/>
  <system-out/>
  <testcase classname="Tests.UICheck_LoanAmountCal" name="feesCharges" time="6.623"/>
  <system-out/>
</testsuite> <!-- Tests.UICheck_LoanAmountCal -->
