<?xml version="1.0" encoding="UTF-8"?>
<!-- Generated by org.testng.reporters.JUnitReportReporter -->
<testsuite hostname="LTIN230084" failures="0" tests="7" name="Tests.Home_Loan_Test" time="53.749" errors="0" timestamp="2024-02-29T10:39:09 IST" skipped="0">
  <testcase classname="Tests.Home_Loan_Test" name="openApp" time="1.358"/>
  <system-out/>
  <testcase classname="Tests.Home_Loan_Test" name="homeLoan" time="2.190"/>
  <system-out/>
  <testcase classname="Tests.Home_Loan_Test" name="loan_amount" time="5.029"/>
  <system-out/>
  <testcase classname="Tests.Home_Loan_Test" name="interest_rate" time="2.711"/>
  <system-out/>
  <testcase classname="Tests.Home_Loan_Test" name="Loan_tenure" time="2.799"/>
  <system-out/>
  <testcase classname="Tests.Home_Loan_Test" name="printHL" time="3.453"/>
  <system-out/>
  <testcase classname="Tests.Home_Loan_Test" name="storeDataInexcel" time="36.209"/>
  <system-out/>
</testsuite> <!-- Tests.Home_Loan_Test -->
