<?xml version="1.0" encoding="UTF-8"?>
<!-- Generated by org.testng.reporters.JUnitReportReporter -->
<testsuite hostname="LTIN230084" failures="0" tests="6" name="Tests.UICheck_LoanTenureCal" time="36.441" errors="0" timestamp="2024-02-29T10:39:09 IST" skipped="0">
  <testcase classname="Tests.UICheck_LoanTenureCal" name="setupApp" time="1.185"/>
  <system-out/>
  <testcase classname="Tests.UICheck_LoanTenureCal" name="Menubutton" time="6.769"/>
  <system-out/>
  <testcase classname="Tests.UICheck_LoanTenureCal" name="LoanAmount" time="5.582"/>
  <system-out/>
  <testcase classname="Tests.UICheck_LoanTenureCal" name="EMI_check" time="7.583"/>
  <system-out/>
  <testcase classname="Tests.UICheck_LoanTenureCal" name="Loan_Interest" time="7.688"/>
  <system-out/>
  <testcase classname="Tests.UICheck_LoanTenureCal" name="feescharges" time="7.634"/>
  <system-out/>
</testsuite> <!-- Tests.UICheck_LoanTenureCal -->
