<?xml version="1.0" encoding="UTF-8"?>
<!-- Generated by org.testng.reporters.JUnitReportReporter -->
<testsuite hostname="LTIN230084" failures="0" tests="5" name="Tests.Car_Loan_Test" time="35.670" errors="0" timestamp="2024-02-29T10:39:09 IST" skipped="0">
  <testcase classname="Tests.Car_Loan_Test" name="openApp" time="5.179"/>
  <system-out/>
  <testcase classname="Tests.Car_Loan_Test" name="carLoan" time="7.724"/>
  <system-out/>
  <testcase classname="Tests.Car_Loan_Test" name="carInterestRate" time="4.649"/>
  <system-out/>
  <testcase classname="Tests.Car_Loan_Test" name="carLoanTenure" time="3.640"/>
  <system-out/>
  <testcase classname="Tests.Car_Loan_Test" name="carIAPA" time="14.478"/>
  <system-out/>
</testsuite> <!-- Tests.Car_Loan_Test -->
