<?xml version="1.0" encoding="UTF-8"?>
<!-- Generated by org.testng.reporters.JUnitReportReporter -->
<testsuite hostname="LTIN230084" failures="0" tests="6" name="Tests.UICheck_LoanAmountCal" time="33.285" errors="0" timestamp="2024-03-01T21:38:56 IST" skipped="0">
  <testcase classname="Tests.UICheck_LoanAmountCal" name="setupApp" time="0.850"/>
  <system-out/>
  <testcase classname="Tests.UICheck_LoanAmountCal" name="Menubutton" time="6.454"/>
  <system-out/>
  <testcase classname="Tests.UICheck_LoanAmountCal" name="Loanamount" time="6.507"/>
  <system-out/>
  <testcase classname="Tests.UICheck_LoanAmountCal" name="interestRate" time="6.483"/>
  <system-out/>
  <testcase classname="Tests.UICheck_LoanAmountCal" name="LoanTenure" time="6.498"/>
  <system-out/>
  <testcase classname="Tests.UICheck_LoanAmountCal" name="feesCharges" time="6.493"/>
  <system-out/>
</testsuite> <!-- Tests.UICheck_LoanAmountCal -->
