<?xml version="1.0" encoding="UTF-8"?>
<!-- Generated by org.testng.reporters.JUnitReportReporter -->
<testsuite hostname="LTIN230084" failures="0" tests="6" name="TestCases.UICheck_LoanTenureCal" time="37.580" errors="0" timestamp="2024-03-08T16:25:22 IST" skipped="0">
  <testcase classname="TestCases.UICheck_LoanTenureCal" name="setupApp" time="1.691"/>
  <system-out/>
  <testcase classname="TestCases.UICheck_LoanTenureCal" name="Menubutton" time="7.473"/>
  <system-out/>
  <testcase classname="TestCases.UICheck_LoanTenureCal" name="LoanAmount" time="5.601"/>
  <system-out/>
  <testcase classname="TestCases.UICheck_LoanTenureCal" name="EMI_check" time="7.597"/>
  <system-out/>
  <testcase classname="TestCases.UICheck_LoanTenureCal" name="Loan_Interest" time="7.606"/>
  <system-out/>
  <testcase classname="TestCases.UICheck_LoanTenureCal" name="feescharges" time="7.612"/>
  <system-out/>
</testsuite> <!-- TestCases.UICheck_LoanTenureCal -->
