<?xml version="1.0" encoding="UTF-8"?>
<!-- Generated by org.testng.reporters.JUnitReportReporter -->
<testsuite hostname="LTIN230084" failures="0" tests="3" name="TestCases.MonthandYear_Test" time="15.306" errors="0" timestamp="2024-03-08T16:25:22 IST" skipped="0">
  <testcase classname="TestCases.MonthandYear_Test" name="openApp" time="1.801"/>
  <system-out/>
  <testcase classname="TestCases.MonthandYear_Test" name="button" time="6.973"/>
  <system-out/>
  <testcase classname="TestCases.MonthandYear_Test" name="yearAndMonth_Emi" time="6.532"/>
  <system-out/>
</testsuite> <!-- TestCases.MonthandYear_Test -->
