<?xml version="1.0" encoding="UTF-8"?>
<!-- Generated by org.testng.reporters.JUnitReportReporter -->
<testsuite hostname="LTIN230084" failures="0" tests="7" name="TestCases.Home_Loan_Test" time="56.916" errors="0" timestamp="2024-03-08T16:25:22 IST" skipped="0">
  <testcase classname="TestCases.Home_Loan_Test" name="openApp" time="1.520"/>
  <system-out/>
  <testcase classname="TestCases.Home_Loan_Test" name="homeLoan" time="2.348"/>
  <system-out/>
  <testcase classname="TestCases.Home_Loan_Test" name="loan_amount" time="5.167"/>
  <system-out/>
  <testcase classname="TestCases.Home_Loan_Test" name="interest_rate" time="2.909"/>
  <system-out/>
  <testcase classname="TestCases.Home_Loan_Test" name="Loan_tenure" time="3.501"/>
  <system-out/>
  <testcase classname="TestCases.Home_Loan_Test" name="printHL" time="3.471"/>
  <system-out/>
  <testcase classname="TestCases.Home_Loan_Test" name="storeDataInexcel" time="38.000"/>
  <system-out/>
</testsuite> <!-- TestCases.Home_Loan_Test -->
