<?xml version="1.0" encoding="UTF-8"?>
<!-- Generated by org.testng.reporters.JUnitReportReporter -->
<testsuite hostname="LTIN230084" failures="0" tests="6" name="Tests.UICheck_LoanTenureCal" time="35.605" errors="0" timestamp="2024-03-01T21:38:56 IST" skipped="0">
  <testcase classname="Tests.UICheck_LoanTenureCal" name="setupApp" time="0.756"/>
  <system-out/>
  <testcase classname="Tests.UICheck_LoanTenureCal" name="Menubutton" time="6.552"/>
  <system-out/>
  <testcase classname="Tests.UICheck_LoanTenureCal" name="LoanAmount" time="5.515"/>
  <system-out/>
  <testcase classname="Tests.UICheck_LoanTenureCal" name="EMI_check" time="7.574"/>
  <system-out/>
  <testcase classname="Tests.UICheck_LoanTenureCal" name="Loan_Interest" time="7.605"/>
  <system-out/>
  <testcase classname="Tests.UICheck_LoanTenureCal" name="feescharges" time="7.603"/>
  <system-out/>
</testsuite> <!-- Tests.UICheck_LoanTenureCal -->
