<?xml version="1.0" encoding="UTF-8"?>
<!-- Generated by org.testng.reporters.JUnitReportReporter -->
<testsuite hostname="LTIN230084" failures="0" tests="6" name="Tests.UICheck_EMICal" time="37.492" errors="0" timestamp="2024-02-29T10:39:09 IST" skipped="0">
  <testcase classname="Tests.UICheck_EMICal" name="setupApp" time="1.424"/>
  <system-out/>
  <testcase classname="Tests.UICheck_EMICal" name="Menubutton" time="7.666"/>
  <system-out/>
  <testcase classname="Tests.UICheck_EMICal" name="LoanAmount" time="5.632"/>
  <system-out/>
  <testcase classname="Tests.UICheck_EMICal" name="Interest_Rate" time="7.638"/>
  <system-out/>
  <testcase classname="Tests.UICheck_EMICal" name="Loan_Tenure" time="7.559"/>
  <system-out/>
  <testcase classname="Tests.UICheck_EMICal" name="feescharges" time="7.573"/>
  <system-out/>
</testsuite> <!-- Tests.UICheck_EMICal -->
