<?xml version="1.0" encoding="UTF-8"?>
<!-- Generated by org.testng.reporters.JUnitReportReporter -->
<testsuite hostname="LTIN230084" failures="0" tests="6" name="TestCases.UICheck_EMICal" time="39.005" errors="0" timestamp="2024-03-08T16:25:22 IST" skipped="0">
  <testcase classname="TestCases.UICheck_EMICal" name="setupApp" time="1.613"/>
  <system-out/>
  <testcase classname="TestCases.UICheck_EMICal" name="Menubutton" time="8.537"/>
  <system-out/>
  <testcase classname="TestCases.UICheck_EMICal" name="LoanAmount" time="5.871"/>
  <system-out/>
  <testcase classname="TestCases.UICheck_EMICal" name="Interest_Rate" time="7.660"/>
  <system-out/>
  <testcase classname="TestCases.UICheck_EMICal" name="Loan_Tenure" time="7.698"/>
  <system-out/>
  <testcase classname="TestCases.UICheck_EMICal" name="feescharges" time="7.626"/>
  <system-out/>
</testsuite> <!-- TestCases.UICheck_EMICal -->
