<?xml version="1.0" encoding="UTF-8"?>
<!-- Generated by org.testng.reporters.JUnitReportReporter -->
<testsuite hostname="LTIN230084" failures="0" tests="6" name="Tests.UI_CHECK_LTSLIDER" time="32.483" errors="0" timestamp="2024-02-28T15:36:28 IST" skipped="0">
  <testcase classname="Tests.UI_CHECK_LTSLIDER" name="setupApp" time="15.706"/>
  <system-out/>
  <testcase classname="Tests.UI_CHECK_LTSLIDER" name="Loan_Amount" time="2.799"/>
  <system-out/>
  <testcase classname="Tests.UI_CHECK_LTSLIDER" name="EMI" time="4.588"/>
  <system-out/>
  <testcase classname="Tests.UI_CHECK_LTSLIDER" name="LoanInterest" time="4.593"/>
  <system-out/>
  <testcase classname="Tests.UI_CHECK_LTSLIDER" name="fees_charges" time="4.619"/>
  <system-out/>
  <testcase classname="Tests.UI_CHECK_LTSLIDER" name="emi_type_button" time="0.178"/>
  <system-out/>
</testsuite> <!-- Tests.UI_CHECK_LTSLIDER -->
