<?xml version="1.0" encoding="UTF-8"?>
<!-- Generated by org.testng.reporters.JUnitReportReporter -->
<testsuite hostname="LTIN230084" failures="0" tests="5" name="Tests.Car_Loan_Test" time="64.602" errors="0" timestamp="2024-03-01T21:38:56 IST" skipped="0">
  <testcase classname="Tests.Car_Loan_Test" name="openApp" time="3.710"/>
  <system-out/>
  <testcase classname="Tests.Car_Loan_Test" name="carLoan" time="8.338"/>
  <system-out/>
  <testcase classname="Tests.Car_Loan_Test" name="carInterestRate" time="4.403"/>
  <system-out/>
  <testcase classname="Tests.Car_Loan_Test" name="carLoanTenure" time="3.335"/>
  <system-out/>
  <testcase classname="Tests.Car_Loan_Test" name="carIAPA" time="44.816"/>
  <system-out/>
</testsuite> <!-- Tests.Car_Loan_Test -->
