<?xml version="1.0" encoding="UTF-8"?>
<!-- Generated by org.testng.reporters.JUnitReportReporter -->
<testsuite hostname="LTIN230084" failures="0" tests="7" name="Tests.Home_Loan_Test" time="47.353" errors="0" timestamp="2024-03-01T21:38:56 IST" skipped="0">
  <testcase classname="Tests.Home_Loan_Test" name="openApp" time="1.478"/>
  <system-out/>
  <testcase classname="Tests.Home_Loan_Test" name="homeLoan" time="2.096"/>
  <system-out/>
  <testcase classname="Tests.Home_Loan_Test" name="loan_amount" time="4.572"/>
  <system-out/>
  <testcase classname="Tests.Home_Loan_Test" name="interest_rate" time="2.394"/>
  <system-out/>
  <testcase classname="Tests.Home_Loan_Test" name="Loan_tenure" time="2.432"/>
  <system-out/>
  <testcase classname="Tests.Home_Loan_Test" name="printHL" time="3.277"/>
  <system-out/>
  <testcase classname="Tests.Home_Loan_Test" name="storeDataInexcel" time="31.104"/>
  <system-out/>
</testsuite> <!-- Tests.Home_Loan_Test -->
