<?xml version="1.0" encoding="UTF-8"?>
<!-- Generated by org.testng.reporters.JUnitReportReporter -->
<testsuite hostname="LTIN230084" failures="0" tests="6" name="Tests.UICheck_EMICal" time="36.023" errors="0" timestamp="2024-03-01T21:38:56 IST" skipped="0">
  <testcase classname="Tests.UICheck_EMICal" name="setupApp" time="1.083"/>
  <system-out/>
  <testcase classname="Tests.UICheck_EMICal" name="Menubutton" time="6.786"/>
  <system-out/>
  <testcase classname="Tests.UICheck_EMICal" name="LoanAmount" time="5.548"/>
  <system-out/>
  <testcase classname="Tests.UICheck_EMICal" name="Interest_Rate" time="7.564"/>
  <system-out/>
  <testcase classname="Tests.UICheck_EMICal" name="Loan_Tenure" time="7.528"/>
  <system-out/>
  <testcase classname="Tests.UICheck_EMICal" name="feescharges" time="7.514"/>
  <system-out/>
</testsuite> <!-- Tests.UICheck_EMICal -->
