<?xml version="1.0" encoding="UTF-8"?>
<!-- Generated by org.testng.reporters.JUnitReportReporter -->
<testsuite hostname="LTIN230084" failures="0" tests="3" name="Tests.MonthandYear_Test" time="14.247" errors="0" timestamp="2024-02-29T10:39:09 IST" skipped="0">
  <testcase classname="Tests.MonthandYear_Test" name="openApp" time="1.062"/>
  <system-out/>
  <testcase classname="Tests.MonthandYear_Test" name="button" time="6.703"/>
  <system-out/>
  <testcase classname="Tests.MonthandYear_Test" name="yearAndMonth_Emi" time="6.482"/>
  <system-out/>
</testsuite> <!-- Tests.MonthandYear_Test -->
